INFO     2024-04-16 20:56:29 views Displaying home page.
INFO     2024-04-16 20:56:31 views Displaying profiles list.
INFO     2024-04-16 20:56:33 views Displaying the list of lettings.
INFO     2024-04-16 20:56:34 views Displaying the list of lettings.
INFO     2024-04-16 20:56:35 views Displaying profiles list.
INFO     2024-04-16 20:56:36 views Displaying details of : HeadlinesGazer
INFO     2024-04-16 20:56:38 views Displaying the list of lettings.
INFO     2024-04-16 20:56:39 views Displaying details of letting ID:2
ERROR    2024-04-16 20:57:05 log Internal Server Error: /sentry-debug/
Traceback (most recent call last):
  File "/home/lahlou/P13/venv/lib/python3.10/site-packages/django/core/handlers/exception.py", line 47, in inner
    response = get_response(request)
  File "/home/lahlou/P13/venv/lib/python3.10/site-packages/django/core/handlers/base.py", line 181, in _get_response
    response = wrapped_callback(request, *callback_args, **callback_kwargs)
  File "/home/lahlou/P13/venv/lib/python3.10/site-packages/sentry_sdk/integrations/django/views.py", line 84, in sentry_wrapped_callback
    return callback(request, *args, **kwargs)
  File "/home/lahlou/P13/oc_lettings_site/urls.py", line 11, in trigger_error
    division_by_zero = 1 / 0
ZeroDivisionError: division by zero
ERROR    2024-04-16 20:57:05 basehttp "GET /sentry-debug/ HTTP/1.1" 500 3496
